This is pdfTeX, Version 3.14159265-2.6-1.40.15 (TeX Live 2014) (preloaded format=pdflatex 2014.5.25)  20 NOV 2014 12:06
entering extended mode
 restricted \write18 enabled.
 file:line:error style messages enabled.
 %&-line parsing enabled.
**/Users/robertbrothers/Projekt_Ein/Code/pylib/Ein_Dynamics/Ein_Lagrangian.tex
(/Users/robertbrothers/Projekt_Ein/Code/pylib/Ein_Dynamics/Ein_Lagrangian.tex
LaTeX2e <2014/05/01>
Babel <3.9k> and hyphenation patterns for 78 languages loaded.
(/usr/local/texlive/2014/texmf-dist/tex/latex/base/article.cls
Document Class: article 2007/10/19 v1.4h Standard LaTeX document class
(/usr/local/texlive/2014/texmf-dist/tex/latex/base/size10.clo
File: size10.clo 2007/10/19 v1.4h Standard LaTeX file (size option)
)
\c@part=\count79
\c@section=\count80
\c@subsection=\count81
\c@subsubsection=\count82
\c@paragraph=\count83
\c@subparagraph=\count84
\c@figure=\count85
\c@table=\count86
\abovecaptionskip=\skip41
\belowcaptionskip=\skip42
\bibindent=\dimen102
)
(/usr/local/texlive/2014/texmf-dist/tex/latex/setspace/setspace.sty
Package: setspace 2011/12/19 v6.7a set line spacing
)
(/usr/local/texlive/2014/texmf-dist/tex/latex/amsmath/amsmath.sty
Package: amsmath 2013/01/14 v2.14 AMS math features
\@mathmargin=\skip43

For additional information on amsmath, use the `?' option.
(/usr/local/texlive/2014/texmf-dist/tex/latex/amsmath/amstext.sty
Package: amstext 2000/06/29 v2.01

(/usr/local/texlive/2014/texmf-dist/tex/latex/amsmath/amsgen.sty
File: amsgen.sty 1999/11/30 v2.0
\@emptytoks=\toks14
\ex@=\dimen103
))
(/usr/local/texlive/2014/texmf-dist/tex/latex/amsmath/amsbsy.sty
Package: amsbsy 1999/11/29 v1.2d
\pmbraise@=\dimen104
)
(/usr/local/texlive/2014/texmf-dist/tex/latex/amsmath/amsopn.sty
Package: amsopn 1999/12/14 v2.01 operator names
)
\inf@bad=\count87
LaTeX Info: Redefining \frac on input line 210.
\uproot@=\count88
\leftroot@=\count89
LaTeX Info: Redefining \overline on input line 306.
\classnum@=\count90
\DOTSCASE@=\count91
LaTeX Info: Redefining \ldots on input line 378.
LaTeX Info: Redefining \dots on input line 381.
LaTeX Info: Redefining \cdots on input line 466.
\Mathstrutbox@=\box26
\strutbox@=\box27
\big@size=\dimen105
LaTeX Font Info:    Redeclaring font encoding OML on input line 566.
LaTeX Font Info:    Redeclaring font encoding OMS on input line 567.
\macc@depth=\count92
\c@MaxMatrixCols=\count93
\dotsspace@=\muskip10
\c@parentequation=\count94
\dspbrk@lvl=\count95
\tag@help=\toks15
\row@=\count96
\column@=\count97
\maxfields@=\count98
\andhelp@=\toks16
\eqnshift@=\dimen106
\alignsep@=\dimen107
\tagshift@=\dimen108
\tagwidth@=\dimen109
\totwidth@=\dimen110
\lineht@=\dimen111
\@envbody=\toks17
\multlinegap=\skip44
\multlinetaggap=\skip45
\mathdisplay@stack=\toks18
LaTeX Info: Redefining \[ on input line 2665.
LaTeX Info: Redefining \] on input line 2666.
)
(/usr/local/texlive/2014/texmf-dist/tex/latex/amsfonts/amsfonts.sty
Package: amsfonts 2013/01/14 v3.01 Basic AMSFonts support
\symAMSa=\mathgroup4
\symAMSb=\mathgroup5
LaTeX Font Info:    Overwriting math alphabet `\mathfrak' in version `bold'
(Font)                  U/euf/m/n --> U/euf/b/n on input line 106.
)
(/usr/local/texlive/2014/texmf-dist/tex/latex/amscls/amsthm.sty
Package: amsthm 2004/08/06 v2.20
\thm@style=\toks19
\thm@bodyfont=\toks20
\thm@headfont=\toks21
\thm@notefont=\toks22
\thm@headpunct=\toks23
\thm@preskip=\skip46
\thm@postskip=\skip47
\thm@headsep=\skip48
\dth@everypar=\toks24
)
(/usr/local/texlive/2014/texmf-dist/tex/latex/amsfonts/amssymb.sty
Package: amssymb 2013/01/14 v3.01 AMS font symbols
)
(/usr/local/texlive/2014/texmf-dist/tex/latex/graphics/color.sty
Package: color 2014/04/23 v1.1a Standard LaTeX Color (DPC)

(/usr/local/texlive/2014/texmf-dist/tex/latex/latexconfig/color.cfg
File: color.cfg 2007/01/18 v1.5 color configuration of teTeX/TeXLive
)
Package color Info: Driver file: pdftex.def on input line 137.

(/usr/local/texlive/2014/texmf-dist/tex/latex/pdftex-def/pdftex.def
File: pdftex.def 2011/05/27 v0.06d Graphics/color for pdfTeX

(/usr/local/texlive/2014/texmf-dist/tex/generic/oberdiek/infwarerr.sty
Package: infwarerr 2010/04/08 v1.3 Providing info/warning/error messages (HO)
)
(/usr/local/texlive/2014/texmf-dist/tex/generic/oberdiek/ltxcmds.sty
Package: ltxcmds 2011/11/09 v1.22 LaTeX kernel commands for general use (HO)
)
\Gread@gobject=\count99
))
(/usr/local/texlive/2014/texmf-dist/tex/latex/fancyhdr/fancyhdr.sty
\fancy@headwidth=\skip49
\f@ncyO@elh=\skip50
\f@ncyO@erh=\skip51
\f@ncyO@olh=\skip52
\f@ncyO@orh=\skip53
\f@ncyO@elf=\skip54
\f@ncyO@erf=\skip55
\f@ncyO@olf=\skip56
\f@ncyO@orf=\skip57
)
(/usr/local/texlive/2014/texmf-dist/tex/latex/changepage/chngpage.sty
Package: chngpage 2009/10/20 v1.2b change page layout
\c@cp@cnt=\count100
\c@cp@tempcnt=\count101
)
(/usr/local/texlive/2014/texmf-dist/tex/latex/tools/enumerate.sty
Package: enumerate 1999/03/05 v3.00 enumerate extensions (DPC)
\@enLab=\toks25
)
(/usr/local/texlive/2014/texmf-dist/tex/latex/graphics/graphicx.sty
Package: graphicx 2014/04/25 v1.0g Enhanced LaTeX Graphics (DPC,SPQR)

(/usr/local/texlive/2014/texmf-dist/tex/latex/graphics/keyval.sty
Package: keyval 2014/05/08 v1.15 key=value parser (DPC)
\KV@toks@=\toks26
)
(/usr/local/texlive/2014/texmf-dist/tex/latex/graphics/graphics.sty
Package: graphics 2009/02/05 v1.0o Standard LaTeX Graphics (DPC,SPQR)

(/usr/local/texlive/2014/texmf-dist/tex/latex/graphics/trig.sty
Package: trig 1999/03/16 v1.09 sin cos tan (DPC)
)
(/usr/local/texlive/2014/texmf-dist/tex/latex/latexconfig/graphics.cfg
File: graphics.cfg 2010/04/23 v1.9 graphics configuration of TeX Live
)
Package graphics Info: Driver file: pdftex.def on input line 91.
)
\Gin@req@height=\dimen112
\Gin@req@width=\dimen113
)
(/usr/local/texlive/2014/texmf-dist/tex/latex/boxedminipage/boxedminipage.sty)
(./Ein_Lagrangian.aux)
\openout1 = `Ein_Lagrangian.aux'.

LaTeX Font Info:    Checking defaults for OML/cmm/m/it on input line 13.
LaTeX Font Info:    ... okay on input line 13.
LaTeX Font Info:    Checking defaults for T1/cmr/m/n on input line 13.
LaTeX Font Info:    ... okay on input line 13.
LaTeX Font Info:    Checking defaults for OT1/cmr/m/n on input line 13.
LaTeX Font Info:    ... okay on input line 13.
LaTeX Font Info:    Checking defaults for OMS/cmsy/m/n on input line 13.
LaTeX Font Info:    ... okay on input line 13.
LaTeX Font Info:    Checking defaults for OMX/cmex/m/n on input line 13.
LaTeX Font Info:    ... okay on input line 13.
LaTeX Font Info:    Checking defaults for U/cmr/m/n on input line 13.
LaTeX Font Info:    ... okay on input line 13.

(/usr/local/texlive/2014/texmf-dist/tex/context/base/supp-pdf.mkii
[Loading MPS to PDF converter (version 2006.09.02).]
\scratchcounter=\count102
\scratchdimen=\dimen114
\scratchbox=\box28
\nofMPsegments=\count103
\nofMParguments=\count104
\everyMPshowfont=\toks27
\MPscratchCnt=\count105
\MPscratchDim=\dimen115
\MPnumerator=\count106
\makeMPintoPDFobject=\count107
\everyMPtoPDFconversion=\toks28
) (/usr/local/texlive/2014/texmf-dist/tex/generic/oberdiek/pdftexcmds.sty
Package: pdftexcmds 2011/11/29 v0.20 Utility functions of pdfTeX for LuaTeX (HO
)

(/usr/local/texlive/2014/texmf-dist/tex/generic/oberdiek/ifluatex.sty
Package: ifluatex 2010/03/01 v1.3 Provides the ifluatex switch (HO)
Package ifluatex Info: LuaTeX not detected.
)
(/usr/local/texlive/2014/texmf-dist/tex/generic/oberdiek/ifpdf.sty
Package: ifpdf 2011/01/30 v2.3 Provides the ifpdf switch (HO)
Package ifpdf Info: pdfTeX in PDF mode is detected.
)
Package pdftexcmds Info: LuaTeX not detected.
Package pdftexcmds Info: \pdf@primitive is available.
Package pdftexcmds Info: \pdf@ifprimitive is available.
Package pdftexcmds Info: \pdfdraftmode found.
)
(/usr/local/texlive/2014/texmf-dist/tex/latex/oberdiek/epstopdf-base.sty
Package: epstopdf-base 2010/02/09 v2.5 Base part for package epstopdf

(/usr/local/texlive/2014/texmf-dist/tex/latex/oberdiek/grfext.sty
Package: grfext 2010/08/19 v1.1 Manage graphics extensions (HO)

(/usr/local/texlive/2014/texmf-dist/tex/generic/oberdiek/kvdefinekeys.sty
Package: kvdefinekeys 2011/04/07 v1.3 Define keys (HO)
))
(/usr/local/texlive/2014/texmf-dist/tex/latex/oberdiek/kvoptions.sty
Package: kvoptions 2011/06/30 v3.11 Key value format for package options (HO)

(/usr/local/texlive/2014/texmf-dist/tex/generic/oberdiek/kvsetkeys.sty
Package: kvsetkeys 2012/04/25 v1.16 Key value parser (HO)

(/usr/local/texlive/2014/texmf-dist/tex/generic/oberdiek/etexcmds.sty
Package: etexcmds 2011/02/16 v1.5 Avoid name clashes with e-TeX commands (HO)
Package etexcmds Info: Could not find \expanded.
(etexcmds)             That can mean that you are not using pdfTeX 1.50 or
(etexcmds)             that some package has redefined \expanded.
(etexcmds)             In the latter case, load this package earlier.
)))
Package grfext Info: Graphics extension search list:
(grfext)             [.png,.pdf,.jpg,.mps,.jpeg,.jbig2,.jb2,.PNG,.PDF,.JPG,.JPE
G,.JBIG2,.JB2,.eps]
(grfext)             \AppendGraphicsExtensions on input line 452.

(/usr/local/texlive/2014/texmf-dist/tex/latex/latexconfig/epstopdf-sys.cfg
File: epstopdf-sys.cfg 2010/07/13 v1.3 Configuration of (r)epstopdf for TeX Liv
e
))
LaTeX Font Info:    Try loading font information for U+msa on input line 16.

(/usr/local/texlive/2014/texmf-dist/tex/latex/amsfonts/umsa.fd
File: umsa.fd 2013/01/14 v3.01 AMS symbols A
)
LaTeX Font Info:    Try loading font information for U+msb on input line 16.

(/usr/local/texlive/2014/texmf-dist/tex/latex/amsfonts/umsb.fd
File: umsb.fd 2013/01/14 v3.01 AMS symbols B
)
/Users/robertbrothers/Projekt_Ein/Code/pylib/Ein_Dynamics/Ein_Lagrangian.tex:49
: Misplaced alignment tab character &.
l.49 L &
         = & K & - & P
? 
/Users/robertbrothers/Projekt_Ein/Code/pylib/Ein_Dynamics/Ein_Lagrangian.tex:49
: Misplaced alignment tab character &.
l.49 L & = &
             K & - & P
? 
/Users/robertbrothers/Projekt_Ein/Code/pylib/Ein_Dynamics/Ein_Lagrangian.tex:49
: Misplaced alignment tab character &.
l.49 L & = & K &
                 - & P
? 
/Users/robertbrothers/Projekt_Ein/Code/pylib/Ein_Dynamics/Ein_Lagrangian.tex:49
: Misplaced alignment tab character &.
l.49 L & = & K & - &
                     P
? 
/Users/robertbrothers/Projekt_Ein/Code/pylib/Ein_Dynamics/Ein_Lagrangian.tex:53
: Misplaced alignment tab character &.
l.53 K &
         = & \frac{M_{i}V_{i}^{2}}{2} =
? 
/Users/robertbrothers/Projekt_Ein/Code/pylib/Ein_Dynamics/Ein_Lagrangian.tex:53
: Misplaced alignment tab character &.
l.53 K & = &
             \frac{M_{i}V_{i}^{2}}{2} =
? 
[1

{/usr/local/texlive/2014/texmf-var/fonts/map/pdftex/updmap/pdftex.map}]
/Users/robertbrothers/Projekt_Ein/Code/pylib/Ein_Dynamics/Ein_Lagrangian.tex:72
: Misplaced alignment tab character &.
l.72 P &
         = & M_{i}gh\\
? 
/Users/robertbrothers/Projekt_Ein/Code/pylib/Ein_Dynamics/Ein_Lagrangian.tex:72
: Misplaced alignment tab character &.
l.72 P & = &
             M_{i}gh\\
? 

/Users/robertbrothers/Projekt_Ein/Code/pylib/Ein_Dynamics/Ein_Lagrangian.tex:81
: LaTeX Error: Illegal character in array arg.

See the LaTeX manual or LaTeX Companion for explanation.
Type  H <return>  for immediate help.
 ...                                              
                                                  
l.81 ...| 1 | p{1cm} | p{1cm} | p{1cm} | p{1cm} |}
                                                  
? 
/Users/robertbrothers/Projekt_Ein/Code/pylib/Ein_Dynamics/Ein_Lagrangian.tex:83
: Missing $ inserted.
<inserted text> 
                $
l.83 Link_
          {i} & a_{i} & $\alpha_{i}$ & d_{i} & $\theta_{i}$ \\ \hline
? 
/Users/robertbrothers/Projekt_Ein/Code/pylib/Ein_Dynamics/Ein_Lagrangian.tex:83
: Extra }, or forgotten $.
<template> \unskip \hfil }
                          \hskip \tabcolsep \hskip -.5\arrayrulewidth \vrule...
l.83 Link_{i} &
                a_{i} & $\alpha_{i}$ & d_{i} & $\theta_{i}$ \\ \hline
? 
/Users/robertbrothers/Projekt_Ein/Code/pylib/Ein_Dynamics/Ein_Lagrangian.tex:83
: Missing $ inserted.
<inserted text> 
                $
l.83 Link_{i} &
                a_{i} & $\alpha_{i}$ & d_{i} & $\theta_{i}$ \\ \hline
? 
/Users/robertbrothers/Projekt_Ein/Code/pylib/Ein_Dynamics/Ein_Lagrangian.tex:83
: Missing } inserted.
<inserted text> 
                }
l.83 Link_{i} &
                a_{i} & $\alpha_{i}$ & d_{i} & $\theta_{i}$ \\ \hline
? 
/Users/robertbrothers/Projekt_Ein/Code/pylib/Ein_Dynamics/Ein_Lagrangian.tex:83
: Missing $ inserted.
<inserted text> 
                $
l.83 Link_{i} & a_
                  {i} & $\alpha_{i}$ & d_{i} & $\theta_{i}$ \\ \hline
? 
/Users/robertbrothers/Projekt_Ein/Code/pylib/Ein_Dynamics/Ein_Lagrangian.tex:83
: Missing $ inserted.
<inserted text> 
                $
l.83 Link_{i} & a_{i} &
                        $\alpha_{i}$ & d_{i} & $\theta_{i}$ \\ \hline
? 
/Users/robertbrothers/Projekt_Ein/Code/pylib/Ein_Dynamics/Ein_Lagrangian.tex:83
: Missing $ inserted.
<inserted text> 
                $
l.83 Link_{i} & a_{i} & $\alpha_{i}$ & d_
                                         {i} & $\theta_{i}$ \\ \hline
? 
/Users/robertbrothers/Projekt_Ein/Code/pylib/Ein_Dynamics/Ein_Lagrangian.tex:83
: Missing $ inserted.
<inserted text> 
                $
l.83 Link_{i} & a_{i} & $\alpha_{i}$ & d_{i} &
                                               $\theta_{i}$ \\ \hline
? 
/Users/robertbrothers/Projekt_Ein/Code/pylib/Ein_Dynamics/Ein_Lagrangian.tex:85
: Missing $ inserted.
<inserted text> 
                $
l.85 2 & 0 & 0 & L_
                   {s} & 0 \\ \hline
? 
/Users/robertbrothers/Projekt_Ein/Code/pylib/Ein_Dynamics/Ein_Lagrangian.tex:85
: Missing $ inserted.
<inserted text> 
                $
l.85 2 & 0 & 0 & L_{s} &
                         0 \\ \hline
? 

/Users/robertbrothers/Projekt_Ein/Code/pylib/Ein_Dynamics/Ein_Lagrangian.tex:12
6: Package amsmath Error: Erroneous nesting of equation structures;
(amsmath)                trying to recover with `aligned'.

See the amsmath package documentation for explanation.
Type  H <return>  for immediate help.
 ...                                              
                                                  
l.126 \end{align}
                 
? 
/Users/robertbrothers/Projekt_Ein/Code/pylib/Ein_Dynamics/Ein_Lagrangian.tex:12
6: Extra }, or forgotten \right.
<template> }
            $\hfil \endtemplate 
l.126 \end{align}
                 
? 
/Users/robertbrothers/Projekt_Ein/Code/pylib/Ein_Dynamics/Ein_Lagrangian.tex:12
6: Missing \right. inserted.
<inserted text> 
                \right .
l.126 \end{align}
                 
? 
/Users/robertbrothers/Projekt_Ein/Code/pylib/Ein_Dynamics/Ein_Lagrangian.tex:12
6: Missing } inserted.
<inserted text> 
                }
l.126 \end{align}
                 
? 
/Users/robertbrothers/Projekt_Ein/Code/pylib/Ein_Dynamics/Ein_Lagrangian.tex:12
6: Missing } inserted.
<inserted text> 
                }
l.126 \end{align}
                 
? 
/Users/robertbrothers/Projekt_Ein/Code/pylib/Ein_Dynamics/Ein_Lagrangian.tex:12
6: Extra \right.
<argument> ...dot 10^{-33} m_{2} r_{2}^{2}\right )
                                                   
l.126 \end{align}
                 
? 
/Users/robertbrothers/Projekt_Ein/Code/pylib/Ein_Dynamics/Ein_Lagrangian.tex:12
6: Missing { inserted.
<inserted text> 
                {
l.126 \end{align}
                 
? 
[2]

/Users/robertbrothers/Projekt_Ein/Code/pylib/Ein_Dynamics/Ein_Lagrangian.tex:13
7: Package amsmath Error: Erroneous nesting of equation structures;
(amsmath)                trying to recover with `aligned'.

See the amsmath package documentation for explanation.
Type  H <return>  for immediate help.
 ...                                              
                                                  
l.137 \end{align}
                 
? 

Overfull \hbox (10.59506pt too wide) detected at line 138
[] []
 []


/Users/robertbrothers/Projekt_Ein/Code/pylib/Ein_Dynamics/Ein_Lagrangian.tex:14
9: Package amsmath Error: Erroneous nesting of equation structures;
(amsmath)                trying to recover with `aligned'.

See the amsmath package documentation for explanation.
Type  H <return>  for immediate help.
 ...                                              
                                                  
l.149 \end{align}
                 
? 
/Users/robertbrothers/Projekt_Ein/Code/pylib/Ein_Dynamics/Ein_Lagrangian.tex:14
9: Extra }, or forgotten \right.
<template> }
            $\hfil \endtemplate 
l.149 \end{align}
                 
? 
/Users/robertbrothers/Projekt_Ein/Code/pylib/Ein_Dynamics/Ein_Lagrangian.tex:14
9: Missing \right. inserted.
<inserted text> 
                \right .
l.149 \end{align}
                 
? 
/Users/robertbrothers/Projekt_Ein/Code/pylib/Ein_Dynamics/Ein_Lagrangian.tex:14
9: Missing } inserted.
<inserted text> 
                }
l.149 \end{align}
                 
? 
/Users/robertbrothers/Projekt_Ein/Code/pylib/Ein_Dynamics/Ein_Lagrangian.tex:14
9: Missing } inserted.
<inserted text> 
                }
l.149 \end{align}
                 
? 
/Users/robertbrothers/Projekt_Ein/Code/pylib/Ein_Dynamics/Ein_Lagrangian.tex:14
9: Extra \right.
<argument> ...dot 10^{-33} m_{2} r_{2}^{2}\right )
                                                   
l.149 \end{align}
                 
? 
/Users/robertbrothers/Projekt_Ein/Code/pylib/Ein_Dynamics/Ein_Lagrangian.tex:14
9: Missing { inserted.
<inserted text> 
                {
l.149 \end{align}
                 
? 

/Users/robertbrothers/Projekt_Ein/Code/pylib/Ein_Dynamics/Ein_Lagrangian.tex:15
6: Package amsmath Error: Erroneous nesting of equation structures;
(amsmath)                trying to recover with `aligned'.

See the amsmath package documentation for explanation.
Type  H <return>  for immediate help.
 ...                                              
                                                  
l.156 \end{align}
                 
? 

/Users/robertbrothers/Projekt_Ein/Code/pylib/Ein_Dynamics/Ein_Lagrangian.tex:16
8: Package amsmath Error: Erroneous nesting of equation structures;
(amsmath)                trying to recover with `aligned'.

See the amsmath package documentation for explanation.
Type  H <return>  for immediate help.
 ...                                              
                                                  
l.168 \end{align}
                 
? 
[3]
/Users/robertbrothers/Projekt_Ein/Code/pylib/Ein_Dynamics/Ein_Lagrangian.tex:17
8: Misplaced alignment tab character &.
l.178 &
       =
? 

Overfull \hbox (31.80902pt too wide) detected at line 183
[] \OT1/cmr/m/n/9 = []
 []

/Users/robertbrothers/Projekt_Ein/Code/pylib/Ein_Dynamics/Ein_Lagrangian.tex:19
1: Misplaced alignment tab character &.
l.191 &
       =
? 

Underfull \hbox (badness 10000) in paragraph at lines 202--202
[]\OT1/cmr/m/n/9 Kinematic
 []

[4] (./Ein_Lagrangian.aux) ) 
Here is how much of TeX's memory you used:
 2740 strings out of 493117
 36732 string characters out of 6135433
 104083 words of memory out of 5000000
 6143 multiletter control sequences out of 15000+600000
 13957 words of font info for 54 fonts, out of 8000000 for 9000
 1141 hyphenation exceptions out of 8191
 37i,12n,43p,402b,194s stack positions out of 5000i,500n,10000p,200000b,80000s
</usr/local/texlive/2014/texmf-dist/fonts/type1/pub
lic/amsfonts/cm/cmbx10.pfb></usr/local/texlive/2014/texmf-dist/fonts/type1/publ
ic/amsfonts/cm/cmbx12.pfb></usr/local/texlive/2014/texmf-dist/fonts/type1/publi
c/amsfonts/cm/cmbx9.pfb></usr/local/texlive/2014/texmf-dist/fonts/type1/public/
amsfonts/cmextra/cmex9.pfb></usr/local/texlive/2014/texmf-dist/fonts/type1/publ
ic/amsfonts/cm/cmmi5.pfb></usr/local/texlive/2014/texmf-dist/fonts/type1/public
/amsfonts/cm/cmmi6.pfb></usr/local/texlive/2014/texmf-dist/fonts/type1/public/a
msfonts/cm/cmmi9.pfb></usr/local/texlive/2014/texmf-dist/fonts/type1/public/ams
fonts/cm/cmr10.pfb></usr/local/texlive/2014/texmf-dist/fonts/type1/public/amsfo
nts/cm/cmr12.pfb></usr/local/texlive/2014/texmf-dist/fonts/type1/public/amsfont
s/cm/cmr17.pfb></usr/local/texlive/2014/texmf-dist/fonts/type1/public/amsfonts/
cm/cmr5.pfb></usr/local/texlive/2014/texmf-dist/fonts/type1/public/amsfonts/cm/
cmr6.pfb></usr/local/texlive/2014/texmf-dist/fonts/type1/public/amsfonts/cm/cmr
9.pfb></usr/local/texlive/2014/texmf-dist/fonts/type1/public/amsfonts/cm/cmsy6.
pfb></usr/local/texlive/2014/texmf-dist/fonts/type1/public/amsfonts/cm/cmsy9.pf
b>
Output written on Ein_Lagrangian.pdf (4 pages, 167429 bytes).
PDF statistics:
 77 PDF objects out of 1000 (max. 8388607)
 55 compressed objects within 1 object stream
 0 named destinations out of 1000 (max. 500000)
 1 words of extra memory for PDF output out of 10000 (max. 10000000)

